<?xml version="1.0" encoding="UTF-8"?>
<testng-results skipped="0" failed="0" total="1" passed="1">
  <reporter-output>
  </reporter-output>
  <suite name="eu.tsp.distsum.DistributedSum" duration-ms="2204" started-at="2017-11-18T07:03:39Z" finished-at="2017-11-18T07:03:42Z">
    <groups>
    </groups>
    <test name="Command line test" duration-ms="2204" started-at="2017-11-18T07:03:39Z" finished-at="2017-11-18T07:03:42Z">
      <class name="eu.tsp.distsum.DistributedSum">
        <test-method status="PASS" signature="testClassStarted()[pri:0, instance:eu.tsp.distsum.DistributedSum@2ef5e5e3]" name="testClassStarted" is-config="true" duration-ms="98" started-at="2017-11-18T08:03:39Z" finished-at="2017-11-18T08:03:39Z">
          <reporter-output>
          </reporter-output>
        </test-method> <!-- testClassStarted -->
        <test-method status="PASS" signature="createBeforeClass()[pri:0, instance:eu.tsp.distsum.DistributedSum@2ef5e5e3]" name="createBeforeClass" is-config="true" duration-ms="435" started-at="2017-11-18T08:03:39Z" finished-at="2017-11-18T08:03:40Z">
          <reporter-output>
          </reporter-output>
        </test-method> <!-- createBeforeClass -->
        <test-method status="PASS" signature="createBeforeMethod()[pri:0, instance:eu.tsp.distsum.DistributedSum@2ef5e5e3]" name="createBeforeMethod" is-config="true" duration-ms="1" started-at="2017-11-18T08:03:40Z" finished-at="2017-11-18T08:03:40Z">
          <reporter-output>
          </reporter-output>
        </test-method> <!-- createBeforeMethod -->
        <test-method status="PASS" signature="distributedSumTest()[pri:0, instance:eu.tsp.distsum.DistributedSum@2ef5e5e3]" name="distributedSumTest" duration-ms="1576" started-at="2017-11-18T08:03:40Z" finished-at="2017-11-18T08:03:41Z">
          <reporter-output>
          </reporter-output>
        </test-method> <!-- distributedSumTest -->
        <test-method status="PASS" signature="clearContent()[pri:0, instance:eu.tsp.distsum.DistributedSum@2ef5e5e3]" name="clearContent" is-config="true" duration-ms="8" started-at="2017-11-18T08:03:42Z" finished-at="2017-11-18T08:03:42Z">
          <reporter-output>
          </reporter-output>
        </test-method> <!-- clearContent -->
        <test-method status="PASS" signature="checkThreads()[pri:0, instance:eu.tsp.distsum.DistributedSum@2ef5e5e3]" name="checkThreads" is-config="true" duration-ms="1" started-at="2017-11-18T08:03:42Z" finished-at="2017-11-18T08:03:42Z">
          <reporter-output>
          </reporter-output>
        </test-method> <!-- checkThreads -->
        <test-method status="PASS" signature="destroy()[pri:0, instance:eu.tsp.distsum.DistributedSum@2ef5e5e3]" name="destroy" is-config="true" duration-ms="76" started-at="2017-11-18T08:03:42Z" finished-at="2017-11-18T08:03:42Z">
          <reporter-output>
          </reporter-output>
        </test-method> <!-- destroy -->
        <test-method status="PASS" signature="testClassFinished()[pri:0, instance:eu.tsp.distsum.DistributedSum@2ef5e5e3]" name="testClassFinished" is-config="true" duration-ms="1" started-at="2017-11-18T08:03:42Z" finished-at="2017-11-18T08:03:42Z">
          <reporter-output>
          </reporter-output>
        </test-method> <!-- testClassFinished -->
      </class> <!-- eu.tsp.distsum.DistributedSum -->
    </test> <!-- Command line test -->
  </suite> <!-- eu.tsp.distsum.DistributedSum -->
</testng-results>
